Command line:
   bram_write_check_tb_isim_beh.exe
     -simmode  gui
     -simrunnum  0
     -socket  36563

Sat Nov  5 21:21:06 2022


 Elaboration Time: 0.02 sec

 Current Memory Usage: 184.934 Meg

 Total Signals          : 166
 Total Nets             : 759
 Total Signal Drivers   : 68
 Total Blocks           : 20
 Total Primitive Blocks : 15
 Total Processes        : 82
 Total Traceable Variables  : 340
 Total Scalar Nets and Variables : 314098
Total Line Count : 434

 Total Simulation Time: 0.02 sec

 Current Memory Usage: 260.436 Meg

Sat Nov  5 21:23:04 2022

