Release 14.7 - xst P.20131013 (lin64)
Copyright (c) 1995-2013 Xilinx, Inc.  All rights reserved.
--> 
Parameter TMPDIR set to xst/projnav.tmp


Total REAL time to Xst completion: 0.00 secs
Total CPU time to Xst completion: 0.03 secs
 
--> 
Parameter xsthdpdir set to xst


Total REAL time to Xst completion: 0.00 secs
Total CPU time to Xst completion: 0.03 secs
 
--> 
Reading design: CPU_NO_DEBUG.prj

TABLE OF CONTENTS
  1) Synthesis Options Summary
  2) HDL Compilation
  3) Design Hierarchy Analysis
  4) HDL Analysis
  5) HDL Synthesis
     5.1) HDL Synthesis Report
  6) Advanced HDL Synthesis
     6.1) Advanced HDL Synthesis Report
  7) Low Level Synthesis
  8) Partition Report
  9) Final Report
	9.1) Device utilization summary
	9.2) Partition Resource Summary
	9.3) TIMING REPORT


=========================================================================
*                      Synthesis Options Summary                        *
=========================================================================
---- Source Parameters
Input File Name                    : "CPU_NO_DEBUG.prj"
Input Format                       : mixed
Ignore Synthesis Constraint File   : NO

---- Target Parameters
Output File Name                   : "CPU_NO_DEBUG"
Output Format                      : NGC
Target Device                      : xc3s400-4-pq208

---- Source Options
Top Module Name                    : CPU_NO_DEBUG
Automatic FSM Extraction           : YES
FSM Encoding Algorithm             : Auto
Safe Implementation                : No
FSM Style                          : LUT
RAM Extraction                     : Yes
RAM Style                          : Auto
ROM Extraction                     : Yes
Mux Style                          : Auto
Decoder Extraction                 : YES
Priority Encoder Extraction        : Yes
Shift Register Extraction          : YES
Logical Shifter Extraction         : YES
XOR Collapsing                     : YES
ROM Style                          : Auto
Mux Extraction                     : Yes
Resource Sharing                   : YES
Asynchronous To Synchronous        : NO
Multiplier Style                   : Auto
Automatic Register Balancing       : No

---- Target Options
Add IO Buffers                     : YES
Global Maximum Fanout              : 100000
Add Generic Clock Buffer(BUFG)     : 8
Register Duplication               : YES
Slice Packing                      : YES
Optimize Instantiated Primitives   : NO
Use Clock Enable                   : Yes
Use Synchronous Set                : Yes
Use Synchronous Reset              : Yes
Pack IO Registers into IOBs        : Auto
Equivalent register Removal        : YES

---- General Options
Optimization Goal                  : Speed
Optimization Effort                : 1
Keep Hierarchy                     : No
Netlist Hierarchy                  : As_Optimized
RTL Output                         : Yes
Global Optimization                : AllClockNets
Read Cores                         : YES
Write Timing Constraints           : NO
Cross Clock Analysis               : NO
Hierarchy Separator                : /
Bus Delimiter                      : <>
Case Specifier                     : Maintain
Slice Utilization Ratio            : 100
BRAM Utilization Ratio             : 100
Verilog 2001                       : YES
Auto BRAM Packing                  : NO
Slice Utilization Ratio Delta      : 5

---- Other Options
Cores Search Directories           : {"ipcore_dir"  }

=========================================================================


=========================================================================
*                          HDL Compilation                              *
=========================================================================
Compiling verilog file "XOR_32bit.v" in library work
Compiling verilog file "SHIFTER.v" in library work
Module <XOR_32bit> compiled
Compiling verilog file "MUX_4to1.v" in library work
Module <SHIFTER> compiled
Compiling verilog file "MUX_2to1.v" in library work
Module <MUX_4to1> compiled
Compiling verilog file "DIFF_32bit.v" in library work
Module <MUX_2to1> compiled
Compiling verilog file "AND_32bit.v" in library work
Module <DIFF_32bit> compiled
Compiling verilog file "ADDR_32bit.v" in library work
Module <AND_32bit> compiled
Compiling verilog file "SIGN_EXTND.v" in library work
Module <ADDR_32bit> compiled
Compiling verilog file "RegFile.v" in library work
Module <SIGN_EXTND> compiled
Compiling verilog file "JumpDecider.v" in library work
Module <RegFile> compiled
Compiling verilog file "ipcore_dir/READ_WRITE_MEM.v" in library work
Module <JumpDecider> compiled
Compiling verilog file "ipcore_dir/READ_ONLY_MEM.v" in library work
Module <READ_WRITE_MEM> compiled
Compiling verilog file "control.v" in library work
Module <READ_ONLY_MEM> compiled
Compiling verilog file "BranchDecider.v" in library work
Module <control> compiled
Compiling verilog file "ALU_32bit.v" in library work
Module <BranchDecider> compiled
Compiling verilog file "CPU_NO_DEBUG.v" in library work
Module <ALU_32bit> compiled
Module <CPU_NO_DEBUG> compiled
No errors in compilation
Analysis of file <"CPU_NO_DEBUG.prj"> succeeded.
 

=========================================================================
*                     Design Hierarchy Analysis                         *
=========================================================================
Analyzing hierarchy for module <CPU_NO_DEBUG> in library <work>.

Analyzing hierarchy for module <control> in library <work>.

Analyzing hierarchy for module <Register> in library <work> with parameters.
	WIDTH = "00000000000000000000000000100000"

Analyzing hierarchy for module <MUX_2to1> in library <work> with parameters.
	WIDTH = "00000000000000000000000000001100"

Analyzing hierarchy for module <MUX_4to1> in library <work> with parameters.
	WIDTH = "00000000000000000000000000000101"

Analyzing hierarchy for module <RegFile> in library <work>.

Analyzing hierarchy for module <SIGN_EXTND> in library <work> with parameters.
	INPUT_WIDTH = "00000000000000000000000000010000"

Analyzing hierarchy for module <SIGN_EXTND> in library <work> with parameters.
	INPUT_WIDTH = "00000000000000000000000000010101"

Analyzing hierarchy for module <MUX_2to1> in library <work> with parameters.
	WIDTH = "00000000000000000000000000100000"

Analyzing hierarchy for module <MUX_2to1> in library <work> with parameters.
	WIDTH = "00000000000000000000000000000101"

Analyzing hierarchy for module <ALU_32bit> in library <work>.

Analyzing hierarchy for module <Register> in library <work> with parameters.
	WIDTH = "00000000000000000000000000000001"

Analyzing hierarchy for module <BranchDecider> in library <work>.

Analyzing hierarchy for module <JumpDecider> in library <work>.

Analyzing hierarchy for module <ADDR_32bit> in library <work>.

Analyzing hierarchy for module <MUX_4to1> in library <work> with parameters.
	WIDTH = "00000000000000000000000000100000"

Analyzing hierarchy for module <MUX_2to1> in library <work> with parameters.
	WIDTH = "00000000000000000000000000100000"

Analyzing hierarchy for module <AND_32bit> in library <work>.

Analyzing hierarchy for module <XOR_32bit> in library <work>.

Analyzing hierarchy for module <DIFF_32bit> in library <work>.

Analyzing hierarchy for module <MUX_2to1> in library <work> with parameters.
	WIDTH = "00000000000000000000000000100000"

Analyzing hierarchy for module <SHIFTER> in library <work>.

Analyzing hierarchy for module <MUX_4to1> in library <work> with parameters.
	WIDTH = "00000000000000000000000000000001"


=========================================================================
*                            HDL Analysis                               *
=========================================================================
Analyzing top module <CPU_NO_DEBUG>.
WARNING:Xst:2211 - "ipcore_dir/READ_ONLY_MEM.v" line 79: Instantiating black box module <READ_ONLY_MEM>.
WARNING:Xst:2211 - "ipcore_dir/READ_WRITE_MEM.v" line 136: Instantiating black box module <READ_WRITE_MEM>.
Module <CPU_NO_DEBUG> is correct for synthesis.
 
Analyzing module <control> in library <work>.
Module <control> is correct for synthesis.
 
Analyzing module <Register.1> in library <work>.
	WIDTH = 32'sb00000000000000000000000000100000
Module <Register.1> is correct for synthesis.
 
Analyzing module <MUX_2to1.1> in library <work>.
	WIDTH = 32'sb00000000000000000000000000001100
Module <MUX_2to1.1> is correct for synthesis.
 
Analyzing module <MUX_4to1.1> in library <work>.
	WIDTH = 32'sb00000000000000000000000000000101
Module <MUX_4to1.1> is correct for synthesis.
 
Analyzing module <RegFile> in library <work>.
Module <RegFile> is correct for synthesis.
 
Analyzing module <SIGN_EXTND.1> in library <work>.
	INPUT_WIDTH = 32'sb00000000000000000000000000010000
Module <SIGN_EXTND.1> is correct for synthesis.
 
Analyzing module <SIGN_EXTND.2> in library <work>.
	INPUT_WIDTH = 32'sb00000000000000000000000000010101
Module <SIGN_EXTND.2> is correct for synthesis.
 
Analyzing module <MUX_2to1.2> in library <work>.
	WIDTH = 32'sb00000000000000000000000000100000
Module <MUX_2to1.2> is correct for synthesis.
 
Analyzing module <MUX_2to1.3> in library <work>.
	WIDTH = 32'sb00000000000000000000000000000101
Module <MUX_2to1.3> is correct for synthesis.
 
Analyzing module <ALU_32bit> in library <work>.
Module <ALU_32bit> is correct for synthesis.
 
Analyzing module <AND_32bit> in library <work>.
Module <AND_32bit> is correct for synthesis.
 
Analyzing module <XOR_32bit> in library <work>.
Module <XOR_32bit> is correct for synthesis.
 
Analyzing module <DIFF_32bit> in library <work>.
Module <DIFF_32bit> is correct for synthesis.
 
Analyzing module <SHIFTER> in library <work>.
Module <SHIFTER> is correct for synthesis.
 
Analyzing module <Register.2> in library <work>.
	WIDTH = 32'sb00000000000000000000000000000001
Module <Register.2> is correct for synthesis.
 
Analyzing module <BranchDecider> in library <work>.
Module <BranchDecider> is correct for synthesis.
 
Analyzing module <MUX_4to1.3> in library <work>.
	WIDTH = 32'sb00000000000000000000000000000001
Module <MUX_4to1.3> is correct for synthesis.
 
Analyzing module <JumpDecider> in library <work>.
Module <JumpDecider> is correct for synthesis.
 
Analyzing module <ADDR_32bit> in library <work>.
Module <ADDR_32bit> is correct for synthesis.
 
Analyzing module <MUX_4to1.2> in library <work>.
	WIDTH = 32'sb00000000000000000000000000100000
Module <MUX_4to1.2> is correct for synthesis.
 

=========================================================================
*                           HDL Synthesis                               *
=========================================================================

Performing bidirectional port resolution...

Synthesizing Unit <control>.
    Related source file is "control.v".
Unit <control> synthesized.


Synthesizing Unit <Register_1>.
    Related source file is "Register.v".
    Found 32-bit register for signal <Q>.
    Summary:
	inferred  32 D-type flip-flop(s).
Unit <Register_1> synthesized.


Synthesizing Unit <MUX_2to1_1>.
    Related source file is "MUX_2to1.v".
Unit <MUX_2to1_1> synthesized.


Synthesizing Unit <MUX_4to1_1>.
    Related source file is "MUX_4to1.v".
Unit <MUX_4to1_1> synthesized.


Synthesizing Unit <RegFile>.
    Related source file is "RegFile.v".
    Found 32-bit 32-to-1 multiplexer for signal <rsOut>.
    Found 32-bit 32-to-1 multiplexer for signal <rtOut>.
    Found 1024-bit register for signal <Registers>.
INFO:Xst:738 - HDL ADVISOR - 1024 flip-flops were inferred for signal <Registers>. You may be trying to describe a RAM in a way that is incompatible with block and distributed RAM resources available on Xilinx devices, or with a specific template that is not supported. Please review the Xilinx resources documentation and the XST user manual for coding guidelines. Taking advantage of RAM resources will lead to improved device usage and reduced synthesis time.
    Summary:
	inferred 1024 D-type flip-flop(s).
	inferred  64 Multiplexer(s).
Unit <RegFile> synthesized.


Synthesizing Unit <SIGN_EXTND_1>.
    Related source file is "SIGN_EXTND.v".
Unit <SIGN_EXTND_1> synthesized.


Synthesizing Unit <SIGN_EXTND_2>.
    Related source file is "SIGN_EXTND.v".
Unit <SIGN_EXTND_2> synthesized.


Synthesizing Unit <MUX_2to1_2>.
    Related source file is "MUX_2to1.v".
Unit <MUX_2to1_2> synthesized.


Synthesizing Unit <MUX_2to1_3>.
    Related source file is "MUX_2to1.v".
Unit <MUX_2to1_3> synthesized.


Synthesizing Unit <Register_2>.
    Related source file is "Register.v".
    Found 1-bit register for signal <Q<0>>.
    Summary:
	inferred   1 D-type flip-flop(s).
Unit <Register_2> synthesized.


Synthesizing Unit <ADDR_32bit>.
    Related source file is "ADDR_32bit.v".
    Found 32-bit adder carry in/out for signal <AUX_3$addsub0000>.
    Summary:
	inferred   1 Adder/Subtractor(s).
Unit <ADDR_32bit> synthesized.


Synthesizing Unit <MUX_4to1_2>.
    Related source file is "MUX_4to1.v".
    Found 32-bit 4-to-1 multiplexer for signal <out>.
    Summary:
	inferred  32 Multiplexer(s).
Unit <MUX_4to1_2> synthesized.


Synthesizing Unit <AND_32bit>.
    Related source file is "AND_32bit.v".
Unit <AND_32bit> synthesized.


Synthesizing Unit <XOR_32bit>.
    Related source file is "XOR_32bit.v".
    Found 32-bit xor2 for signal <XORout>.
Unit <XOR_32bit> synthesized.


Synthesizing Unit <DIFF_32bit>.
    Related source file is "DIFF_32bit.v".
WARNING:Xst:647 - Input <b> is never used. This port will be preserved and left unconnected if it belongs to a top-level block or it belongs to a sub-block and the hierarchy of this sub-block is preserved.
Unit <DIFF_32bit> synthesized.


Synthesizing Unit <SHIFTER>.
    Related source file is "SHIFTER.v".
    Found 32-bit shifter logical left for signal <SHIFTERout$shift0000> created at line 46.
    Found 32-bit shifter logical right for signal <SHIFTERout$shift0001> created at line 48.
    Found 32-bit shifter arithmetic right for signal <SHIFTERout$shift0002> created at line 49.
    Summary:
	inferred   3 Combinational logic shifter(s).
Unit <SHIFTER> synthesized.


Synthesizing Unit <MUX_4to1_3>.
    Related source file is "MUX_4to1.v".
Unit <MUX_4to1_3> synthesized.


Synthesizing Unit <ALU_32bit>.
    Related source file is "ALU_32bit.v".
WARNING:Xst:647 - Input <ShifterInputSel> is never used. This port will be preserved and left unconnected if it belongs to a top-level block or it belongs to a sub-block and the hierarchy of this sub-block is preserved.
WARNING:Xst:1780 - Signal <twos_comp_b> is never used or assigned. This unconnected signal will be trimmed during the optimization process.
Unit <ALU_32bit> synthesized.


Synthesizing Unit <BranchDecider>.
    Related source file is "BranchDecider.v".
Unit <BranchDecider> synthesized.


Synthesizing Unit <JumpDecider>.
    Related source file is "JumpDecider.v".
Unit <JumpDecider> synthesized.


Synthesizing Unit <CPU_NO_DEBUG>.
    Related source file is "CPU_NO_DEBUG.v".
WARNING:Xst:646 - Signal <r5> is assigned but never used. This unconnected signal will be trimmed during the optimization process.
WARNING:Xst:646 - Signal <r4> is assigned but never used. This unconnected signal will be trimmed during the optimization process.
WARNING:Xst:646 - Signal <r31> is assigned but never used. This unconnected signal will be trimmed during the optimization process.
WARNING:Xst:646 - Signal <r3> is assigned but never used. This unconnected signal will be trimmed during the optimization process.
WARNING:Xst:646 - Signal <r2> is assigned but never used. This unconnected signal will be trimmed during the optimization process.
WARNING:Xst:646 - Signal <r1> is assigned but never used. This unconnected signal will be trimmed during the optimization process.
WARNING:Xst:646 - Signal <MemRead> is assigned but never used. This unconnected signal will be trimmed during the optimization process.
Unit <CPU_NO_DEBUG> synthesized.


=========================================================================
HDL Synthesis Report

Macro Statistics
# Adders/Subtractors                                   : 3
 32-bit adder carry in/out                             : 3
# Registers                                            : 34
 1-bit register                                        : 1
 32-bit register                                       : 33
# Multiplexers                                         : 4
 32-bit 32-to-1 multiplexer                            : 2
 32-bit 4-to-1 multiplexer                             : 2
# Logic shifters                                       : 3
 32-bit shifter arithmetic right                       : 1
 32-bit shifter logical left                           : 1
 32-bit shifter logical right                          : 1
# Xors                                                 : 1
 32-bit xor2                                           : 1

=========================================================================

=========================================================================
*                       Advanced HDL Synthesis                          *
=========================================================================

Reading core <ipcore_dir/READ_ONLY_MEM.ngc>.
Reading core <ipcore_dir/READ_WRITE_MEM.ngc>.
Loading core <READ_ONLY_MEM> for timing and area information for instance <I_CACHE>.
Loading core <READ_WRITE_MEM> for timing and area information for instance <DATA_MEM>.

=========================================================================
Advanced HDL Synthesis Report

Macro Statistics
# Adders/Subtractors                                   : 3
 32-bit adder carry in/out                             : 3
# Registers                                            : 1057
 Flip-Flops                                            : 1057
# Multiplexers                                         : 66
 1-bit 32-to-1 multiplexer                             : 64
 32-bit 4-to-1 multiplexer                             : 2
# Logic shifters                                       : 3
 32-bit shifter arithmetic right                       : 1
 32-bit shifter logical left                           : 1
 32-bit shifter logical right                          : 1
# Xors                                                 : 1
 32-bit xor2                                           : 1

=========================================================================

=========================================================================
*                         Low Level Synthesis                           *
=========================================================================
WARNING:Xst:1989 - Unit <CPU_NO_DEBUG>: instances <IMM_SE_16>, <OFFSET_SIGN_EXTEND> of unit <SIGN_EXTND_1> are equivalent, second instance is removed
INFO:Xst:1901 - Instance U0/xst_blk_mem_generator/gnativebmg.native_blk_mem_gen/valid.cstr/ramloop[7].ram.r/s3_init.ram/dpram.dp4x4.ram in unit U0/xst_blk_mem_generator/gnativebmg.native_blk_mem_gen/valid.cstr/ramloop[7].ram.r/s3_init.ram/dpram.dp4x4.ram of type RAMB16_S4_S4 has been replaced by RAMB16
INFO:Xst:1901 - Instance U0/xst_blk_mem_generator/gnativebmg.native_blk_mem_gen/valid.cstr/ramloop[6].ram.r/s3_init.ram/dpram.dp4x4.ram in unit U0/xst_blk_mem_generator/gnativebmg.native_blk_mem_gen/valid.cstr/ramloop[6].ram.r/s3_init.ram/dpram.dp4x4.ram of type RAMB16_S4_S4 has been replaced by RAMB16
INFO:Xst:1901 - Instance U0/xst_blk_mem_generator/gnativebmg.native_blk_mem_gen/valid.cstr/ramloop[5].ram.r/s3_init.ram/dpram.dp4x4.ram in unit U0/xst_blk_mem_generator/gnativebmg.native_blk_mem_gen/valid.cstr/ramloop[5].ram.r/s3_init.ram/dpram.dp4x4.ram of type RAMB16_S4_S4 has been replaced by RAMB16
INFO:Xst:1901 - Instance U0/xst_blk_mem_generator/gnativebmg.native_blk_mem_gen/valid.cstr/ramloop[4].ram.r/s3_init.ram/dpram.dp4x4.ram in unit U0/xst_blk_mem_generator/gnativebmg.native_blk_mem_gen/valid.cstr/ramloop[4].ram.r/s3_init.ram/dpram.dp4x4.ram of type RAMB16_S4_S4 has been replaced by RAMB16
INFO:Xst:1901 - Instance U0/xst_blk_mem_generator/gnativebmg.native_blk_mem_gen/valid.cstr/ramloop[3].ram.r/s3_init.ram/dpram.dp4x4.ram in unit U0/xst_blk_mem_generator/gnativebmg.native_blk_mem_gen/valid.cstr/ramloop[3].ram.r/s3_init.ram/dpram.dp4x4.ram of type RAMB16_S4_S4 has been replaced by RAMB16
INFO:Xst:1901 - Instance U0/xst_blk_mem_generator/gnativebmg.native_blk_mem_gen/valid.cstr/ramloop[2].ram.r/s3_init.ram/dpram.dp4x4.ram in unit U0/xst_blk_mem_generator/gnativebmg.native_blk_mem_gen/valid.cstr/ramloop[2].ram.r/s3_init.ram/dpram.dp4x4.ram of type RAMB16_S4_S4 has been replaced by RAMB16
INFO:Xst:1901 - Instance U0/xst_blk_mem_generator/gnativebmg.native_blk_mem_gen/valid.cstr/ramloop[1].ram.r/s3_init.ram/dpram.dp4x4.ram in unit U0/xst_blk_mem_generator/gnativebmg.native_blk_mem_gen/valid.cstr/ramloop[1].ram.r/s3_init.ram/dpram.dp4x4.ram of type RAMB16_S4_S4 has been replaced by RAMB16
INFO:Xst:1901 - Instance U0/xst_blk_mem_generator/gnativebmg.native_blk_mem_gen/valid.cstr/ramloop[0].ram.r/s3_init.ram/dpram.dp4x4.ram in unit U0/xst_blk_mem_generator/gnativebmg.native_blk_mem_gen/valid.cstr/ramloop[0].ram.r/s3_init.ram/dpram.dp4x4.ram of type RAMB16_S4_S4 has been replaced by RAMB16
INFO:Xst:1901 - Instance U0/xst_blk_mem_generator/gnativebmg.native_blk_mem_gen/valid.cstr/ramloop[0].ram.r/s3_init.ram/dpram.dp18x18.ram in unit U0/xst_blk_mem_generator/gnativebmg.native_blk_mem_gen/valid.cstr/ramloop[0].ram.r/s3_init.ram/dpram.dp18x18.ram of type RAMB16_S18_S18 has been replaced by RAMB16
INFO:Xst:1901 - Instance U0/xst_blk_mem_generator/gnativebmg.native_blk_mem_gen/valid.cstr/ramloop[1].ram.r/s3_init.ram/dpram.dp18x18.ram in unit U0/xst_blk_mem_generator/gnativebmg.native_blk_mem_gen/valid.cstr/ramloop[1].ram.r/s3_init.ram/dpram.dp18x18.ram of type RAMB16_S18_S18 has been replaced by RAMB16

Optimizing unit <CPU_NO_DEBUG> ...

Optimizing unit <Register_1> ...

Optimizing unit <RegFile> ...

Optimizing unit <SHIFTER> ...

Optimizing unit <ALU_32bit> ...

Mapping all equations...
Building and optimizing final netlist ...
Found area constraint ratio of 100 (+ 5) on block CPU_NO_DEBUG, actual ratio is 43.

Final Macro Processing ...

=========================================================================
Final Register Report

Macro Statistics
# Registers                                            : 1057
 Flip-Flops                                            : 1057

=========================================================================

=========================================================================
*                           Partition Report                            *
=========================================================================

Partition Implementation Status
-------------------------------

  No Partitions were found in this design.

-------------------------------

=========================================================================
*                            Final Report                               *
=========================================================================
Final Results
RTL Top Level Output File Name     : CPU_NO_DEBUG.ngr
Top Level Output File Name         : CPU_NO_DEBUG
Output Format                      : NGC
Optimization Goal                  : Speed
Keep Hierarchy                     : No

Design Statistics
# IOs                              : 34

Cell Usage :
# BELS                             : 3375
#      GND                         : 13
#      INV                         : 2
#      LUT1                        : 31
#      LUT2                        : 122
#      LUT3                        : 1319
#      LUT3_D                      : 20
#      LUT3_L                      : 1
#      LUT4                        : 495
#      LUT4_D                      : 27
#      LUT4_L                      : 14
#      MUXCY                       : 102
#      MUXF5                       : 683
#      MUXF6                       : 256
#      MUXF7                       : 128
#      MUXF8                       : 64
#      VCC                         : 2
#      XORCY                       : 96
# FlipFlops/Latches                : 1057
#      FDC                         : 33
#      FDCE                        : 1024
# RAMS                             : 10
#      RAMB16                      : 10
# Clock Buffers                    : 1
#      BUFGP                       : 1
# IO Buffers                       : 33
#      IBUF                        : 1
#      OBUF                        : 32
=========================================================================

Device utilization summary:
---------------------------

Selected Device : 3s400pq208-4 

 Number of Slices:                     1485  out of   3584    41%  
 Number of Slice Flip Flops:           1057  out of   7168    14%  
 Number of 4 input LUTs:               2031  out of   7168    28%  
 Number of IOs:                          34
 Number of bonded IOBs:                  34  out of    141    24%  
 Number of BRAMs:                        10  out of     16    62%  
 Number of GCLKs:                         1  out of      8    12%  

---------------------------
Partition Resource Summary:
---------------------------

  No Partitions were found in this design.

---------------------------


=========================================================================
TIMING REPORT

NOTE: THESE TIMING NUMBERS ARE ONLY A SYNTHESIS ESTIMATE.
      FOR ACCURATE TIMING INFORMATION PLEASE REFER TO THE TRACE REPORT
      GENERATED AFTER PLACE-and-ROUTE.

Clock Information:
------------------
-----------------------------------+-------------------------------------------------------------------------------------------------------------------------------------------------------------------------------------------------------------------------------------------------+-------+
Clock Signal                       | Clock buffer(FF name)                                                                                                                                                                                                                           | Load  |
-----------------------------------+-------------------------------------------------------------------------------------------------------------------------------------------------------------------------------------------------------------------------------------------------+-------+
clk                                | BUFGP                                                                                                                                                                                                                                           | 1067  |
I_CACHE/N1                         | NONE(I_CACHE/U0/xst_blk_mem_generator/gnativebmg.native_blk_mem_gen/valid.cstr/ramloop[7].ram.r/s3_init.ram/dpram.dp4x4.ram/U0/xst_blk_mem_generator/gnativebmg.native_blk_mem_gen/valid.cstr/ramloop[7].ram.r/s3_init.ram/dpram.dp4x4.ram)     | 8     |
DATA_MEM/N1                        | NONE(DATA_MEM/U0/xst_blk_mem_generator/gnativebmg.native_blk_mem_gen/valid.cstr/ramloop[0].ram.r/s3_init.ram/dpram.dp18x18.ram/U0/xst_blk_mem_generator/gnativebmg.native_blk_mem_gen/valid.cstr/ramloop[0].ram.r/s3_init.ram/dpram.dp18x18.ram)| 2     |
-----------------------------------+-------------------------------------------------------------------------------------------------------------------------------------------------------------------------------------------------------------------------------------------------+-------+
INFO:Xst:2169 - HDL ADVISOR - Some clock signals were not automatically buffered by XST with BUFG/BUFR resources. Please use the buffer_type constraint in order to insert these buffers to the clock signals to help prevent skew problems.

Asynchronous Control Signals Information:
----------------------------------------
-----------------------------------+------------------------+-------+
Control Signal                     | Buffer(FF name)        | Load  |
-----------------------------------+------------------------+-------+
rst                                | IBUF                   | 1057  |
-----------------------------------+------------------------+-------+

Timing Summary:
---------------
Speed Grade: -4

   Minimum period: 43.412ns (Maximum Frequency: 23.035MHz)
   Minimum input arrival time before clock: 7.678ns
   Maximum output required time after clock: 7.271ns
   Maximum combinational path delay: No path found

Timing Detail:
--------------
All values displayed in nanoseconds (ns)

=========================================================================
Timing constraint: Default period analysis for Clock 'clk'
  Clock period: 43.412ns (frequency: 23.035MHz)
  Total number of paths / destination ports: 186569670 / 1205
-------------------------------------------------------------------------
Delay:               21.706ns (Levels of Logic = 49)
  Source:            REG_FILE/Registers_1_0 (FF)
  Destination:       DATA_MEM/U0/xst_blk_mem_generator/gnativebmg.native_blk_mem_gen/valid.cstr/ramloop[0].ram.r/s3_init.ram/dpram.dp18x18.ram/U0/xst_blk_mem_generator/gnativebmg.native_blk_mem_gen/valid.cstr/ramloop[0].ram.r/s3_init.ram/dpram.dp18x18.ram (RAM)
  Source Clock:      clk rising
  Destination Clock: clk falling

  Data Path: REG_FILE/Registers_1_0 to DATA_MEM/U0/xst_blk_mem_generator/gnativebmg.native_blk_mem_gen/valid.cstr/ramloop[0].ram.r/s3_init.ram/dpram.dp18x18.ram/U0/xst_blk_mem_generator/gnativebmg.native_blk_mem_gen/valid.cstr/ramloop[0].ram.r/s3_init.ram/dpram.dp18x18.ram
                                Gate     Net
    Cell:in->out      fanout   Delay   Delay  Logical Name (Net Name)
    ----------------------------------------  ------------
     FDCE:C->Q             2   0.720   1.072  REG_FILE/Registers_1_0 (REG_FILE/Registers_1_0)
     LUT3:I1->O            1   0.551   0.000  REG_FILE/mux_10 (REG_FILE/mux_10)
     MUXF5:I0->O           1   0.360   0.000  REG_FILE/mux_8_f5 (REG_FILE/mux_8_f5)
     MUXF6:I0->O           1   0.342   0.000  REG_FILE/mux_6_f6 (REG_FILE/mux_6_f6)
     MUXF7:I0->O           1   0.342   0.000  REG_FILE/mux_4_f7 (REG_FILE/mux_4_f7)
     MUXF8:I0->O           5   0.342   1.116  REG_FILE/mux_2_f8 (READ_REG1<0>)
     LUT2:I1->O            3   0.551   0.975  ALUsrcA_SELECTOR_MUX/out<0>1 (ALUSrcA<0>)
     LUT3:I2->O            1   0.551   0.000  ALUmain/ADDR_ALU/Madd_AUX_3_addsub0000_lut<0> (ALUmain/ADDR_ALU/Madd_AUX_3_addsub0000_lut<0>)
     MUXCY:S->O            1   0.500   0.000  ALUmain/ADDR_ALU/Madd_AUX_3_addsub0000_cy<0> (ALUmain/ADDR_ALU/Madd_AUX_3_addsub0000_cy<0>)
     MUXCY:CI->O           1   0.064   0.000  ALUmain/ADDR_ALU/Madd_AUX_3_addsub0000_cy<1> (ALUmain/ADDR_ALU/Madd_AUX_3_addsub0000_cy<1>)
     MUXCY:CI->O           1   0.064   0.000  ALUmain/ADDR_ALU/Madd_AUX_3_addsub0000_cy<2> (ALUmain/ADDR_ALU/Madd_AUX_3_addsub0000_cy<2>)
     MUXCY:CI->O           1   0.064   0.000  ALUmain/ADDR_ALU/Madd_AUX_3_addsub0000_cy<3> (ALUmain/ADDR_ALU/Madd_AUX_3_addsub0000_cy<3>)
     MUXCY:CI->O           1   0.064   0.000  ALUmain/ADDR_ALU/Madd_AUX_3_addsub0000_cy<4> (ALUmain/ADDR_ALU/Madd_AUX_3_addsub0000_cy<4>)
     MUXCY:CI->O           1   0.064   0.000  ALUmain/ADDR_ALU/Madd_AUX_3_addsub0000_cy<5> (ALUmain/ADDR_ALU/Madd_AUX_3_addsub0000_cy<5>)
     MUXCY:CI->O           1   0.064   0.000  ALUmain/ADDR_ALU/Madd_AUX_3_addsub0000_cy<6> (ALUmain/ADDR_ALU/Madd_AUX_3_addsub0000_cy<6>)
     MUXCY:CI->O           1   0.064   0.000  ALUmain/ADDR_ALU/Madd_AUX_3_addsub0000_cy<7> (ALUmain/ADDR_ALU/Madd_AUX_3_addsub0000_cy<7>)
     MUXCY:CI->O           1   0.064   0.000  ALUmain/ADDR_ALU/Madd_AUX_3_addsub0000_cy<8> (ALUmain/ADDR_ALU/Madd_AUX_3_addsub0000_cy<8>)
     MUXCY:CI->O           1   0.064   0.000  ALUmain/ADDR_ALU/Madd_AUX_3_addsub0000_cy<9> (ALUmain/ADDR_ALU/Madd_AUX_3_addsub0000_cy<9>)
     MUXCY:CI->O           1   0.064   0.000  ALUmain/ADDR_ALU/Madd_AUX_3_addsub0000_cy<10> (ALUmain/ADDR_ALU/Madd_AUX_3_addsub0000_cy<10>)
     MUXCY:CI->O           1   0.064   0.000  ALUmain/ADDR_ALU/Madd_AUX_3_addsub0000_cy<11> (ALUmain/ADDR_ALU/Madd_AUX_3_addsub0000_cy<11>)
     MUXCY:CI->O           1   0.064   0.000  ALUmain/ADDR_ALU/Madd_AUX_3_addsub0000_cy<12> (ALUmain/ADDR_ALU/Madd_AUX_3_addsub0000_cy<12>)
     MUXCY:CI->O           1   0.064   0.000  ALUmain/ADDR_ALU/Madd_AUX_3_addsub0000_cy<13> (ALUmain/ADDR_ALU/Madd_AUX_3_addsub0000_cy<13>)
     MUXCY:CI->O           1   0.064   0.000  ALUmain/ADDR_ALU/Madd_AUX_3_addsub0000_cy<14> (ALUmain/ADDR_ALU/Madd_AUX_3_addsub0000_cy<14>)
     MUXCY:CI->O           1   0.064   0.000  ALUmain/ADDR_ALU/Madd_AUX_3_addsub0000_cy<15> (ALUmain/ADDR_ALU/Madd_AUX_3_addsub0000_cy<15>)
     MUXCY:CI->O           1   0.064   0.000  ALUmain/ADDR_ALU/Madd_AUX_3_addsub0000_cy<16> (ALUmain/ADDR_ALU/Madd_AUX_3_addsub0000_cy<16>)
     MUXCY:CI->O           1   0.064   0.000  ALUmain/ADDR_ALU/Madd_AUX_3_addsub0000_cy<17> (ALUmain/ADDR_ALU/Madd_AUX_3_addsub0000_cy<17>)
     MUXCY:CI->O           1   0.064   0.000  ALUmain/ADDR_ALU/Madd_AUX_3_addsub0000_cy<18> (ALUmain/ADDR_ALU/Madd_AUX_3_addsub0000_cy<18>)
     MUXCY:CI->O           1   0.064   0.000  ALUmain/ADDR_ALU/Madd_AUX_3_addsub0000_cy<19> (ALUmain/ADDR_ALU/Madd_AUX_3_addsub0000_cy<19>)
     MUXCY:CI->O           1   0.064   0.000  ALUmain/ADDR_ALU/Madd_AUX_3_addsub0000_cy<20> (ALUmain/ADDR_ALU/Madd_AUX_3_addsub0000_cy<20>)
     MUXCY:CI->O           1   0.064   0.000  ALUmain/ADDR_ALU/Madd_AUX_3_addsub0000_cy<21> (ALUmain/ADDR_ALU/Madd_AUX_3_addsub0000_cy<21>)
     MUXCY:CI->O           1   0.064   0.000  ALUmain/ADDR_ALU/Madd_AUX_3_addsub0000_cy<22> (ALUmain/ADDR_ALU/Madd_AUX_3_addsub0000_cy<22>)
     MUXCY:CI->O           1   0.064   0.000  ALUmain/ADDR_ALU/Madd_AUX_3_addsub0000_cy<23> (ALUmain/ADDR_ALU/Madd_AUX_3_addsub0000_cy<23>)
     MUXCY:CI->O           1   0.064   0.000  ALUmain/ADDR_ALU/Madd_AUX_3_addsub0000_cy<24> (ALUmain/ADDR_ALU/Madd_AUX_3_addsub0000_cy<24>)
     MUXCY:CI->O           1   0.064   0.000  ALUmain/ADDR_ALU/Madd_AUX_3_addsub0000_cy<25> (ALUmain/ADDR_ALU/Madd_AUX_3_addsub0000_cy<25>)
     MUXCY:CI->O           1   0.064   0.000  ALUmain/ADDR_ALU/Madd_AUX_3_addsub0000_cy<26> (ALUmain/ADDR_ALU/Madd_AUX_3_addsub0000_cy<26>)
     MUXCY:CI->O           1   0.064   0.000  ALUmain/ADDR_ALU/Madd_AUX_3_addsub0000_cy<27> (ALUmain/ADDR_ALU/Madd_AUX_3_addsub0000_cy<27>)
     MUXCY:CI->O           1   0.064   0.000  ALUmain/ADDR_ALU/Madd_AUX_3_addsub0000_cy<28> (ALUmain/ADDR_ALU/Madd_AUX_3_addsub0000_cy<28>)
     MUXCY:CI->O           1   0.064   0.000  ALUmain/ADDR_ALU/Madd_AUX_3_addsub0000_cy<29> (ALUmain/ADDR_ALU/Madd_AUX_3_addsub0000_cy<29>)
     MUXCY:CI->O           1   0.064   0.000  ALUmain/ADDR_ALU/Madd_AUX_3_addsub0000_cy<30> (ALUmain/ADDR_ALU/Madd_AUX_3_addsub0000_cy<30>)
     XORCY:CI->O           1   0.904   0.827  ALUmain/ADDR_ALU/Madd_AUX_3_addsub0000_xor<31> (ALUmain/ADDRoutALU<31>)
     LUT4:I3->O            1   0.551   0.000  ALUmain/PrimaryOutputMUX/Mmux_out_424 (ALUmain/PrimaryOutputMUX/Mmux_out_424)
     MUXF5:I0->O          13   0.360   1.196  ALUmain/PrimaryOutputMUX/Mmux_out_2_f5_23 (ALUmain/PrimaryOutput<31>)
     LUT4:I3->O            1   0.551   0.000  ALUmain/SHIFTER_ALU/SHIFTERout<0>5_SW0_G (N219)
     MUXF5:I1->O           7   0.360   1.092  ALUmain/SHIFTER_ALU/SHIFTERout<0>5_SW0 (N83)
     LUT4:I3->O            1   0.551   0.996  ALUmain/SHIFTER_ALU/SHIFTERout<8>187 (ALUmain/SHIFTER_ALU/SHIFTERout<8>187)
     LUT3:I1->O            1   0.551   0.000  ALUmain/SHIFTER_ALU/SHIFTERout<8>1115_G (N429)
     MUXF5:I1->O           1   0.360   0.869  ALUmain/SHIFTER_ALU/SHIFTERout<8>1115 (ALUmain/SHIFTER_ALU/SHIFTERout<8>1115)
     LUT4:I2->O            1   0.551   0.827  ALUmain/SHIFTER_ALU/SHIFTERout<8>1142 (ALUmain/SHIFTER_ALU/SHIFTERout<8>1142)
     LUT4:I3->O            4   0.551   0.917  ALUmain/SHIFTER_ALU/SHIFTERout<8>1188 (ALU_RES<8>)
     begin scope: 'DATA_MEM'
     begin scope: 'U0/xst_blk_mem_generator/gnativebmg.native_blk_mem_gen/valid.cstr/ramloop[0].ram.r/s3_init.ram/dpram.dp18x18.ram'
     RAMB16:ADDRA12            0.350          U0/xst_blk_mem_generator/gnativebmg.native_blk_mem_gen/valid.cstr/ramloop[0].ram.r/s3_init.ram/dpram.dp18x18.ram
    ----------------------------------------
    Total                     21.706ns (11.819ns logic, 9.887ns route)
                                       (54.5% logic, 45.5% route)

=========================================================================
Timing constraint: Default OFFSET IN BEFORE for Clock 'clk'
  Total number of paths / destination ports: 96 / 96
-------------------------------------------------------------------------
Offset:              7.678ns (Levels of Logic = 3)
  Source:            rst (PAD)
  Destination:       I_CACHE/U0/xst_blk_mem_generator/gnativebmg.native_blk_mem_gen/valid.cstr/ramloop[7].ram.r/s3_init.ram/dpram.dp4x4.ram/U0/xst_blk_mem_generator/gnativebmg.native_blk_mem_gen/valid.cstr/ramloop[7].ram.r/s3_init.ram/dpram.dp4x4.ram (RAM)
  Destination Clock: clk rising

  Data Path: rst to I_CACHE/U0/xst_blk_mem_generator/gnativebmg.native_blk_mem_gen/valid.cstr/ramloop[7].ram.r/s3_init.ram/dpram.dp4x4.ram/U0/xst_blk_mem_generator/gnativebmg.native_blk_mem_gen/valid.cstr/ramloop[7].ram.r/s3_init.ram/dpram.dp4x4.ram
                                Gate     Net
    Cell:in->out      fanout   Delay   Delay  Logical Name (Net Name)
    ----------------------------------------  ------------
     IBUF:I->O          1069   0.821   4.873  rst_IBUF (rst_IBUF)
     LUT2:I0->O            8   0.551   1.083  I_CACHE_ADDR_SELECTOR_MUX/out<9>1 (I_CACHE_ADDR_IN<9>)
     begin scope: 'I_CACHE'
     begin scope: 'U0/xst_blk_mem_generator/gnativebmg.native_blk_mem_gen/valid.cstr/ramloop[7].ram.r/s3_init.ram/dpram.dp4x4.ram'
     RAMB16:ADDRA11            0.350          U0/xst_blk_mem_generator/gnativebmg.native_blk_mem_gen/valid.cstr/ramloop[7].ram.r/s3_init.ram/dpram.dp4x4.ram
    ----------------------------------------
    Total                      7.678ns (1.722ns logic, 5.956ns route)
                                       (22.4% logic, 77.6% route)

=========================================================================
Timing constraint: Default OFFSET OUT AFTER for Clock 'clk'
  Total number of paths / destination ports: 32 / 32
-------------------------------------------------------------------------
Offset:              7.271ns (Levels of Logic = 1)
  Source:            REG_FILE/Registers_0_31 (FF)
  Destination:       r0<31> (PAD)
  Source Clock:      clk rising

  Data Path: REG_FILE/Registers_0_31 to r0<31>
                                Gate     Net
    Cell:in->out      fanout   Delay   Delay  Logical Name (Net Name)
    ----------------------------------------  ------------
     FDCE:C->Q             3   0.720   0.907  REG_FILE/Registers_0_31 (REG_FILE/Registers_0_31)
     OBUF:I->O                 5.644          r0_31_OBUF (r0<31>)
    ----------------------------------------
    Total                      7.271ns (6.364ns logic, 0.907ns route)
                                       (87.5% logic, 12.5% route)

=========================================================================


Total REAL time to Xst completion: 15.00 secs
Total CPU time to Xst completion: 14.43 secs
 
--> 


Total memory usage is 553436 kilobytes

Number of errors   :    0 (   0 filtered)
Number of warnings :   13 (   0 filtered)
Number of infos    :   12 (   0 filtered)

