Release 14.7 - xst P.20131013 (lin64)
Copyright (c) 1995-2013 Xilinx, Inc.  All rights reserved.
--> 
Parameter TMPDIR set to xst/projnav.tmp


Total REAL time to Xst completion: 0.00 secs
Total CPU time to Xst completion: 0.04 secs
 
--> 
Parameter xsthdpdir set to xst


Total REAL time to Xst completion: 0.00 secs
Total CPU time to Xst completion: 0.04 secs
 
--> 
Reading design: CPU_TOP_MODULE.prj

TABLE OF CONTENTS
  1) Synthesis Options Summary
  2) HDL Compilation
  3) Design Hierarchy Analysis
  4) HDL Analysis
  5) HDL Synthesis
     5.1) HDL Synthesis Report
  6) Advanced HDL Synthesis
     6.1) Advanced HDL Synthesis Report
  7) Low Level Synthesis
  8) Partition Report
  9) Final Report
	9.1) Device utilization summary
	9.2) Partition Resource Summary
	9.3) TIMING REPORT


=========================================================================
*                      Synthesis Options Summary                        *
=========================================================================
---- Source Parameters
Input File Name                    : "CPU_TOP_MODULE.prj"
Input Format                       : mixed
Ignore Synthesis Constraint File   : NO

---- Target Parameters
Output File Name                   : "CPU_TOP_MODULE"
Output Format                      : NGC
Target Device                      : xc3s400-4-pq208

---- Source Options
Top Module Name                    : CPU_TOP_MODULE
Automatic FSM Extraction           : YES
FSM Encoding Algorithm             : Auto
Safe Implementation                : No
FSM Style                          : LUT
RAM Extraction                     : Yes
RAM Style                          : Auto
ROM Extraction                     : Yes
Mux Style                          : Auto
Decoder Extraction                 : YES
Priority Encoder Extraction        : Yes
Shift Register Extraction          : YES
Logical Shifter Extraction         : YES
XOR Collapsing                     : YES
ROM Style                          : Auto
Mux Extraction                     : Yes
Resource Sharing                   : YES
Asynchronous To Synchronous        : NO
Multiplier Style                   : Auto
Automatic Register Balancing       : No

---- Target Options
Add IO Buffers                     : YES
Global Maximum Fanout              : 100000
Add Generic Clock Buffer(BUFG)     : 8
Register Duplication               : YES
Slice Packing                      : YES
Optimize Instantiated Primitives   : NO
Use Clock Enable                   : Yes
Use Synchronous Set                : Yes
Use Synchronous Reset              : Yes
Pack IO Registers into IOBs        : Auto
Equivalent register Removal        : YES

---- General Options
Optimization Goal                  : Speed
Optimization Effort                : 1
Keep Hierarchy                     : No
Netlist Hierarchy                  : As_Optimized
RTL Output                         : Yes
Global Optimization                : AllClockNets
Read Cores                         : YES
Write Timing Constraints           : NO
Cross Clock Analysis               : NO
Hierarchy Separator                : /
Bus Delimiter                      : <>
Case Specifier                     : Maintain
Slice Utilization Ratio            : 100
BRAM Utilization Ratio             : 100
Verilog 2001                       : YES
Auto BRAM Packing                  : NO
Slice Utilization Ratio Delta      : 5

---- Other Options
Cores Search Directories           : {"ipcore_dir"  }

=========================================================================


=========================================================================
*                          HDL Compilation                              *
=========================================================================
Compiling verilog file "XOR_32bit.v" in library work
Compiling verilog file "SHIFTER.v" in library work
Module <XOR_32bit> compiled
Compiling verilog file "MUX_4to1.v" in library work
Module <SHIFTER> compiled
Compiling verilog file "MUX_2to1.v" in library work
Module <MUX_4to1> compiled
Compiling verilog file "DIFF_32bit.v" in library work
Module <MUX_2to1> compiled
Compiling verilog file "AND_32bit.v" in library work
Module <DIFF_32bit> compiled
Compiling verilog file "ADDR_32bit.v" in library work
Module <AND_32bit> compiled
Compiling verilog file "SIGN_EXTND.v" in library work
Module <ADDR_32bit> compiled
Compiling verilog file "RegFile.v" in library work
Module <SIGN_EXTND> compiled
Compiling verilog file "JumpDecider.v" in library work
Module <RegFile> compiled
Compiling verilog file "ipcore_dir/READ_WRITE_MEM.v" in library work
Module <JumpDecider> compiled
Compiling verilog file "ipcore_dir/READ_ONLY_MEM.v" in library work
Module <READ_WRITE_MEM> compiled
Compiling verilog file "BranchDecider.v" in library work
Module <READ_ONLY_MEM> compiled
Compiling verilog file "ALU_32bit.v" in library work
Module <BranchDecider> compiled
Compiling verilog file "CPU_TOP_MODULE.v" in library work
Module <ALU_32bit> compiled
Module <CPU_TOP_MODULE> compiled
No errors in compilation
Analysis of file <"CPU_TOP_MODULE.prj"> succeeded.
 

=========================================================================
*                     Design Hierarchy Analysis                         *
=========================================================================
Analyzing hierarchy for module <CPU_TOP_MODULE> in library <work>.

Analyzing hierarchy for module <Register> in library <work> with parameters.
	WIDTH = "00000000000000000000000000100000"

Analyzing hierarchy for module <MUX_2to1> in library <work> with parameters.
	WIDTH = "00000000000000000000000000001100"

Analyzing hierarchy for module <MUX_4to1> in library <work> with parameters.
	WIDTH = "00000000000000000000000000000101"

Analyzing hierarchy for module <RegFile> in library <work>.

Analyzing hierarchy for module <SIGN_EXTND> in library <work> with parameters.
	INPUT_WIDTH = "00000000000000000000000000010000"

Analyzing hierarchy for module <SIGN_EXTND> in library <work> with parameters.
	INPUT_WIDTH = "00000000000000000000000000010101"

Analyzing hierarchy for module <MUX_2to1> in library <work> with parameters.
	WIDTH = "00000000000000000000000000100000"

Analyzing hierarchy for module <MUX_2to1> in library <work> with parameters.
	WIDTH = "00000000000000000000000000000101"

Analyzing hierarchy for module <ALU_32bit> in library <work>.

Analyzing hierarchy for module <Register> in library <work> with parameters.
	WIDTH = "00000000000000000000000000000001"

Analyzing hierarchy for module <BranchDecider> in library <work>.

Analyzing hierarchy for module <JumpDecider> in library <work>.

Analyzing hierarchy for module <ADDR_32bit> in library <work>.

Analyzing hierarchy for module <MUX_4to1> in library <work> with parameters.
	WIDTH = "00000000000000000000000000100000"

Analyzing hierarchy for module <MUX_2to1> in library <work> with parameters.
	WIDTH = "00000000000000000000000000100000"

Analyzing hierarchy for module <AND_32bit> in library <work>.

Analyzing hierarchy for module <XOR_32bit> in library <work>.

Analyzing hierarchy for module <DIFF_32bit> in library <work>.

Analyzing hierarchy for module <MUX_2to1> in library <work> with parameters.
	WIDTH = "00000000000000000000000000100000"

Analyzing hierarchy for module <SHIFTER> in library <work>.

Analyzing hierarchy for module <MUX_4to1> in library <work> with parameters.
	WIDTH = "00000000000000000000000000000001"


=========================================================================
*                            HDL Analysis                               *
=========================================================================
Analyzing top module <CPU_TOP_MODULE>.
WARNING:Xst:2211 - "ipcore_dir/READ_ONLY_MEM.v" line 53: Instantiating black box module <READ_ONLY_MEM>.
WARNING:Xst:2211 - "ipcore_dir/READ_WRITE_MEM.v" line 110: Instantiating black box module <READ_WRITE_MEM>.
Module <CPU_TOP_MODULE> is correct for synthesis.
 
Analyzing module <Register.1> in library <work>.
	WIDTH = 32'sb00000000000000000000000000100000
Module <Register.1> is correct for synthesis.
 
Analyzing module <MUX_2to1.1> in library <work>.
	WIDTH = 32'sb00000000000000000000000000001100
Module <MUX_2to1.1> is correct for synthesis.
 
Analyzing module <MUX_4to1.1> in library <work>.
	WIDTH = 32'sb00000000000000000000000000000101
Module <MUX_4to1.1> is correct for synthesis.
 
Analyzing module <RegFile> in library <work>.
Module <RegFile> is correct for synthesis.
 
Analyzing module <SIGN_EXTND.1> in library <work>.
	INPUT_WIDTH = 32'sb00000000000000000000000000010000
Module <SIGN_EXTND.1> is correct for synthesis.
 
Analyzing module <SIGN_EXTND.2> in library <work>.
	INPUT_WIDTH = 32'sb00000000000000000000000000010101
Module <SIGN_EXTND.2> is correct for synthesis.
 
Analyzing module <MUX_2to1.2> in library <work>.
	WIDTH = 32'sb00000000000000000000000000100000
Module <MUX_2to1.2> is correct for synthesis.
 
Analyzing module <MUX_2to1.3> in library <work>.
	WIDTH = 32'sb00000000000000000000000000000101
Module <MUX_2to1.3> is correct for synthesis.
 
Analyzing module <ALU_32bit> in library <work>.
Module <ALU_32bit> is correct for synthesis.
 
Analyzing module <AND_32bit> in library <work>.
Module <AND_32bit> is correct for synthesis.
 
Analyzing module <XOR_32bit> in library <work>.
Module <XOR_32bit> is correct for synthesis.
 
Analyzing module <DIFF_32bit> in library <work>.
Module <DIFF_32bit> is correct for synthesis.
 
Analyzing module <SHIFTER> in library <work>.
Module <SHIFTER> is correct for synthesis.
 
Analyzing module <Register.2> in library <work>.
	WIDTH = 32'sb00000000000000000000000000000001
Module <Register.2> is correct for synthesis.
 
Analyzing module <BranchDecider> in library <work>.
Module <BranchDecider> is correct for synthesis.
 
Analyzing module <MUX_4to1.3> in library <work>.
	WIDTH = 32'sb00000000000000000000000000000001
Module <MUX_4to1.3> is correct for synthesis.
 
Analyzing module <JumpDecider> in library <work>.
Module <JumpDecider> is correct for synthesis.
 
Analyzing module <ADDR_32bit> in library <work>.
Module <ADDR_32bit> is correct for synthesis.
 
Analyzing module <MUX_4to1.2> in library <work>.
	WIDTH = 32'sb00000000000000000000000000100000
Module <MUX_4to1.2> is correct for synthesis.
 

=========================================================================
*                           HDL Synthesis                               *
=========================================================================

Performing bidirectional port resolution...

Synthesizing Unit <Register_1>.
    Related source file is "Register.v".
    Found 32-bit register for signal <Q>.
    Summary:
	inferred  32 D-type flip-flop(s).
Unit <Register_1> synthesized.


Synthesizing Unit <MUX_2to1_1>.
    Related source file is "MUX_2to1.v".
Unit <MUX_2to1_1> synthesized.


Synthesizing Unit <MUX_4to1_1>.
    Related source file is "MUX_4to1.v".
Unit <MUX_4to1_1> synthesized.


Synthesizing Unit <RegFile>.
    Related source file is "RegFile.v".
    Found 32-bit 32-to-1 multiplexer for signal <rsOut>.
    Found 32-bit 32-to-1 multiplexer for signal <rtOut>.
    Found 1024-bit register for signal <Registers>.
INFO:Xst:738 - HDL ADVISOR - 1024 flip-flops were inferred for signal <Registers>. You may be trying to describe a RAM in a way that is incompatible with block and distributed RAM resources available on Xilinx devices, or with a specific template that is not supported. Please review the Xilinx resources documentation and the XST user manual for coding guidelines. Taking advantage of RAM resources will lead to improved device usage and reduced synthesis time.
    Summary:
	inferred 1024 D-type flip-flop(s).
	inferred  64 Multiplexer(s).
Unit <RegFile> synthesized.


Synthesizing Unit <SIGN_EXTND_1>.
    Related source file is "SIGN_EXTND.v".
Unit <SIGN_EXTND_1> synthesized.


Synthesizing Unit <SIGN_EXTND_2>.
    Related source file is "SIGN_EXTND.v".
Unit <SIGN_EXTND_2> synthesized.


Synthesizing Unit <MUX_2to1_2>.
    Related source file is "MUX_2to1.v".
Unit <MUX_2to1_2> synthesized.


Synthesizing Unit <MUX_2to1_3>.
    Related source file is "MUX_2to1.v".
Unit <MUX_2to1_3> synthesized.


Synthesizing Unit <Register_2>.
    Related source file is "Register.v".
    Found 1-bit register for signal <Q<0>>.
    Summary:
	inferred   1 D-type flip-flop(s).
Unit <Register_2> synthesized.


Synthesizing Unit <ADDR_32bit>.
    Related source file is "ADDR_32bit.v".
    Found 32-bit adder carry in/out for signal <AUX_3$addsub0000>.
    Summary:
	inferred   1 Adder/Subtractor(s).
Unit <ADDR_32bit> synthesized.


Synthesizing Unit <MUX_4to1_2>.
    Related source file is "MUX_4to1.v".
    Found 32-bit 4-to-1 multiplexer for signal <out>.
    Summary:
	inferred  32 Multiplexer(s).
Unit <MUX_4to1_2> synthesized.


Synthesizing Unit <AND_32bit>.
    Related source file is "AND_32bit.v".
Unit <AND_32bit> synthesized.


Synthesizing Unit <XOR_32bit>.
    Related source file is "XOR_32bit.v".
    Found 32-bit xor2 for signal <XORout>.
Unit <XOR_32bit> synthesized.


Synthesizing Unit <DIFF_32bit>.
    Related source file is "DIFF_32bit.v".
WARNING:Xst:647 - Input <b> is never used. This port will be preserved and left unconnected if it belongs to a top-level block or it belongs to a sub-block and the hierarchy of this sub-block is preserved.
Unit <DIFF_32bit> synthesized.


Synthesizing Unit <SHIFTER>.
    Related source file is "SHIFTER.v".
    Found 32-bit shifter logical left for signal <SHIFTERout$shift0000> created at line 46.
    Found 32-bit shifter logical right for signal <SHIFTERout$shift0001> created at line 48.
    Found 32-bit shifter arithmetic right for signal <SHIFTERout$shift0002> created at line 49.
    Summary:
	inferred   3 Combinational logic shifter(s).
Unit <SHIFTER> synthesized.


Synthesizing Unit <MUX_4to1_3>.
    Related source file is "MUX_4to1.v".
Unit <MUX_4to1_3> synthesized.


Synthesizing Unit <ALU_32bit>.
    Related source file is "ALU_32bit.v".
WARNING:Xst:647 - Input <ShifterInputSel> is never used. This port will be preserved and left unconnected if it belongs to a top-level block or it belongs to a sub-block and the hierarchy of this sub-block is preserved.
WARNING:Xst:1780 - Signal <twos_comp_b> is never used or assigned. This unconnected signal will be trimmed during the optimization process.
Unit <ALU_32bit> synthesized.


Synthesizing Unit <BranchDecider>.
    Related source file is "BranchDecider.v".
Unit <BranchDecider> synthesized.


Synthesizing Unit <JumpDecider>.
    Related source file is "JumpDecider.v".
Unit <JumpDecider> synthesized.


Synthesizing Unit <CPU_TOP_MODULE>.
    Related source file is "CPU_TOP_MODULE.v".
WARNING:Xst:647 - Input <MemRead> is never used. This port will be preserved and left unconnected if it belongs to a top-level block or it belongs to a sub-block and the hierarchy of this sub-block is preserved.
WARNING:Xst:646 - Signal <INSTRUCTION<31:26>> is assigned but never used. This unconnected signal will be trimmed during the optimization process.
Unit <CPU_TOP_MODULE> synthesized.


=========================================================================
HDL Synthesis Report

Macro Statistics
# Adders/Subtractors                                   : 3
 32-bit adder carry in/out                             : 3
# Registers                                            : 34
 1-bit register                                        : 1
 32-bit register                                       : 33
# Multiplexers                                         : 4
 32-bit 32-to-1 multiplexer                            : 2
 32-bit 4-to-1 multiplexer                             : 2
# Logic shifters                                       : 3
 32-bit shifter arithmetic right                       : 1
 32-bit shifter logical left                           : 1
 32-bit shifter logical right                          : 1
# Xors                                                 : 1
 32-bit xor2                                           : 1

=========================================================================

=========================================================================
*                       Advanced HDL Synthesis                          *
=========================================================================

Reading core <ipcore_dir/READ_ONLY_MEM.ngc>.
Reading core <ipcore_dir/READ_WRITE_MEM.ngc>.
Loading core <READ_ONLY_MEM> for timing and area information for instance <I_CACHE>.
Loading core <READ_WRITE_MEM> for timing and area information for instance <DATA_MEM>.

=========================================================================
Advanced HDL Synthesis Report

Macro Statistics
# Adders/Subtractors                                   : 3
 32-bit adder carry in/out                             : 3
# Registers                                            : 1057
 Flip-Flops                                            : 1057
# Multiplexers                                         : 66
 1-bit 32-to-1 multiplexer                             : 64
 32-bit 4-to-1 multiplexer                             : 2
# Logic shifters                                       : 3
 32-bit shifter arithmetic right                       : 1
 32-bit shifter logical left                           : 1
 32-bit shifter logical right                          : 1
# Xors                                                 : 1
 32-bit xor2                                           : 1

=========================================================================

=========================================================================
*                         Low Level Synthesis                           *
=========================================================================
WARNING:Xst:1989 - Unit <CPU_TOP_MODULE>: instances <IMM_SE_16>, <OFFSET_SIGN_EXTEND> of unit <SIGN_EXTND_1> are equivalent, second instance is removed
INFO:Xst:1901 - Instance U0/xst_blk_mem_generator/gnativebmg.native_blk_mem_gen/valid.cstr/ramloop[7].ram.r/s3_init.ram/dpram.dp4x4.ram in unit U0/xst_blk_mem_generator/gnativebmg.native_blk_mem_gen/valid.cstr/ramloop[7].ram.r/s3_init.ram/dpram.dp4x4.ram of type RAMB16_S4_S4 has been replaced by RAMB16
INFO:Xst:1901 - Instance U0/xst_blk_mem_generator/gnativebmg.native_blk_mem_gen/valid.cstr/ramloop[6].ram.r/s3_init.ram/dpram.dp4x4.ram in unit U0/xst_blk_mem_generator/gnativebmg.native_blk_mem_gen/valid.cstr/ramloop[6].ram.r/s3_init.ram/dpram.dp4x4.ram of type RAMB16_S4_S4 has been replaced by RAMB16
INFO:Xst:1901 - Instance U0/xst_blk_mem_generator/gnativebmg.native_blk_mem_gen/valid.cstr/ramloop[5].ram.r/s3_init.ram/dpram.dp4x4.ram in unit U0/xst_blk_mem_generator/gnativebmg.native_blk_mem_gen/valid.cstr/ramloop[5].ram.r/s3_init.ram/dpram.dp4x4.ram of type RAMB16_S4_S4 has been replaced by RAMB16
INFO:Xst:1901 - Instance U0/xst_blk_mem_generator/gnativebmg.native_blk_mem_gen/valid.cstr/ramloop[4].ram.r/s3_init.ram/dpram.dp4x4.ram in unit U0/xst_blk_mem_generator/gnativebmg.native_blk_mem_gen/valid.cstr/ramloop[4].ram.r/s3_init.ram/dpram.dp4x4.ram of type RAMB16_S4_S4 has been replaced by RAMB16
INFO:Xst:1901 - Instance U0/xst_blk_mem_generator/gnativebmg.native_blk_mem_gen/valid.cstr/ramloop[3].ram.r/s3_init.ram/dpram.dp4x4.ram in unit U0/xst_blk_mem_generator/gnativebmg.native_blk_mem_gen/valid.cstr/ramloop[3].ram.r/s3_init.ram/dpram.dp4x4.ram of type RAMB16_S4_S4 has been replaced by RAMB16
INFO:Xst:1901 - Instance U0/xst_blk_mem_generator/gnativebmg.native_blk_mem_gen/valid.cstr/ramloop[2].ram.r/s3_init.ram/dpram.dp4x4.ram in unit U0/xst_blk_mem_generator/gnativebmg.native_blk_mem_gen/valid.cstr/ramloop[2].ram.r/s3_init.ram/dpram.dp4x4.ram of type RAMB16_S4_S4 has been replaced by RAMB16
INFO:Xst:1901 - Instance U0/xst_blk_mem_generator/gnativebmg.native_blk_mem_gen/valid.cstr/ramloop[1].ram.r/s3_init.ram/dpram.dp4x4.ram in unit U0/xst_blk_mem_generator/gnativebmg.native_blk_mem_gen/valid.cstr/ramloop[1].ram.r/s3_init.ram/dpram.dp4x4.ram of type RAMB16_S4_S4 has been replaced by RAMB16
INFO:Xst:1901 - Instance U0/xst_blk_mem_generator/gnativebmg.native_blk_mem_gen/valid.cstr/ramloop[0].ram.r/s3_init.ram/dpram.dp4x4.ram in unit U0/xst_blk_mem_generator/gnativebmg.native_blk_mem_gen/valid.cstr/ramloop[0].ram.r/s3_init.ram/dpram.dp4x4.ram of type RAMB16_S4_S4 has been replaced by RAMB16
INFO:Xst:1901 - Instance U0/xst_blk_mem_generator/gnativebmg.native_blk_mem_gen/valid.cstr/ramloop[0].ram.r/s3_init.ram/dpram.dp18x18.ram in unit U0/xst_blk_mem_generator/gnativebmg.native_blk_mem_gen/valid.cstr/ramloop[0].ram.r/s3_init.ram/dpram.dp18x18.ram of type RAMB16_S18_S18 has been replaced by RAMB16
INFO:Xst:1901 - Instance U0/xst_blk_mem_generator/gnativebmg.native_blk_mem_gen/valid.cstr/ramloop[1].ram.r/s3_init.ram/dpram.dp18x18.ram in unit U0/xst_blk_mem_generator/gnativebmg.native_blk_mem_gen/valid.cstr/ramloop[1].ram.r/s3_init.ram/dpram.dp18x18.ram of type RAMB16_S18_S18 has been replaced by RAMB16

Optimizing unit <CPU_TOP_MODULE> ...

Optimizing unit <Register_1> ...

Optimizing unit <RegFile> ...

Optimizing unit <SHIFTER> ...

Optimizing unit <ALU_32bit> ...

Mapping all equations...
Building and optimizing final netlist ...
Found area constraint ratio of 100 (+ 5) on block CPU_TOP_MODULE, actual ratio is 43.

Final Macro Processing ...

=========================================================================
Final Register Report

Macro Statistics
# Registers                                            : 1057
 Flip-Flops                                            : 1057

=========================================================================

=========================================================================
*                           Partition Report                            *
=========================================================================

Partition Implementation Status
-------------------------------

  No Partitions were found in this design.

-------------------------------

=========================================================================
*                            Final Report                               *
=========================================================================
Final Results
RTL Top Level Output File Name     : CPU_TOP_MODULE.ngr
Top Level Output File Name         : CPU_TOP_MODULE
Output Format                      : NGC
Optimization Goal                  : Speed
Keep Hierarchy                     : No

Design Statistics
# IOs                              : 281

Cell Usage :
# BELS                             : 3285
#      GND                         : 13
#      INV                         : 2
#      LUT1                        : 31
#      LUT2                        : 71
#      LUT3                        : 1328
#      LUT3_D                      : 22
#      LUT3_L                      : 10
#      LUT4                        : 386
#      LUT4_D                      : 38
#      LUT4_L                      : 26
#      MUXCY                       : 102
#      MUXF5                       : 709
#      MUXF6                       : 257
#      MUXF7                       : 128
#      MUXF8                       : 64
#      VCC                         : 2
#      XORCY                       : 96
# FlipFlops/Latches                : 1057
#      FDC                         : 33
#      FDCE                        : 1024
# RAMS                             : 10
#      RAMB16                      : 10
# Clock Buffers                    : 1
#      BUFGP                       : 1
# IO Buffers                       : 279
#      IBUF                        : 23
#      OBUF                        : 256
=========================================================================

Device utilization summary:
---------------------------

Selected Device : 3s400pq208-4 

 Number of Slices:                     1487  out of   3584    41%  
 Number of Slice Flip Flops:           1057  out of   7168    14%  
 Number of 4 input LUTs:               1914  out of   7168    26%  
 Number of IOs:                         281
 Number of bonded IOBs:                 280  out of    141   198% (*) 
 Number of BRAMs:                        10  out of     16    62%  
 Number of GCLKs:                         1  out of      8    12%  

WARNING:Xst:1336 -  (*) More than 100% of Device resources are used

---------------------------
Partition Resource Summary:
---------------------------

  No Partitions were found in this design.

---------------------------


=========================================================================
TIMING REPORT

NOTE: THESE TIMING NUMBERS ARE ONLY A SYNTHESIS ESTIMATE.
      FOR ACCURATE TIMING INFORMATION PLEASE REFER TO THE TRACE REPORT
      GENERATED AFTER PLACE-and-ROUTE.

Clock Information:
------------------
-----------------------------------+-------------------------------------------------------------------------------------------------------------------------------------------------------------------------------------------------------------------------------------------------+-------+
Clock Signal                       | Clock buffer(FF name)                                                                                                                                                                                                                           | Load  |
-----------------------------------+-------------------------------------------------------------------------------------------------------------------------------------------------------------------------------------------------------------------------------------------------+-------+
clk                                | BUFGP                                                                                                                                                                                                                                           | 1067  |
I_CACHE/N1                         | NONE(I_CACHE/U0/xst_blk_mem_generator/gnativebmg.native_blk_mem_gen/valid.cstr/ramloop[7].ram.r/s3_init.ram/dpram.dp4x4.ram/U0/xst_blk_mem_generator/gnativebmg.native_blk_mem_gen/valid.cstr/ramloop[7].ram.r/s3_init.ram/dpram.dp4x4.ram)     | 8     |
DATA_MEM/N1                        | NONE(DATA_MEM/U0/xst_blk_mem_generator/gnativebmg.native_blk_mem_gen/valid.cstr/ramloop[0].ram.r/s3_init.ram/dpram.dp18x18.ram/U0/xst_blk_mem_generator/gnativebmg.native_blk_mem_gen/valid.cstr/ramloop[0].ram.r/s3_init.ram/dpram.dp18x18.ram)| 2     |
-----------------------------------+-------------------------------------------------------------------------------------------------------------------------------------------------------------------------------------------------------------------------------------------------+-------+
INFO:Xst:2169 - HDL ADVISOR - Some clock signals were not automatically buffered by XST with BUFG/BUFR resources. Please use the buffer_type constraint in order to insert these buffers to the clock signals to help prevent skew problems.

Asynchronous Control Signals Information:
----------------------------------------
-----------------------------------+------------------------+-------+
Control Signal                     | Buffer(FF name)        | Load  |
-----------------------------------+------------------------+-------+
rst                                | IBUF                   | 1057  |
-----------------------------------+------------------------+-------+

Timing Summary:
---------------
Speed Grade: -4

   Minimum period: 42.448ns (Maximum Frequency: 23.558MHz)
   Minimum input arrival time before clock: 29.985ns
   Maximum output required time after clock: 7.271ns
   Maximum combinational path delay: No path found

Timing Detail:
--------------
All values displayed in nanoseconds (ns)

=========================================================================
Timing constraint: Default period analysis for Clock 'clk'
  Clock period: 42.448ns (frequency: 23.558MHz)
  Total number of paths / destination ports: 518354822 / 1205
-------------------------------------------------------------------------
Delay:               21.224ns (Levels of Logic = 50)
  Source:            REG_FILE/Registers_0_0 (FF)
  Destination:       DATA_MEM/U0/xst_blk_mem_generator/gnativebmg.native_blk_mem_gen/valid.cstr/ramloop[0].ram.r/s3_init.ram/dpram.dp18x18.ram/U0/xst_blk_mem_generator/gnativebmg.native_blk_mem_gen/valid.cstr/ramloop[0].ram.r/s3_init.ram/dpram.dp18x18.ram (RAM)
  Source Clock:      clk rising
  Destination Clock: clk falling

  Data Path: REG_FILE/Registers_0_0 to DATA_MEM/U0/xst_blk_mem_generator/gnativebmg.native_blk_mem_gen/valid.cstr/ramloop[0].ram.r/s3_init.ram/dpram.dp18x18.ram/U0/xst_blk_mem_generator/gnativebmg.native_blk_mem_gen/valid.cstr/ramloop[0].ram.r/s3_init.ram/dpram.dp18x18.ram
                                Gate     Net
    Cell:in->out      fanout   Delay   Delay  Logical Name (Net Name)
    ----------------------------------------  ------------
     FDCE:C->Q             3   0.720   1.102  REG_FILE/Registers_0_0 (REG_FILE/Registers_0_0)
     LUT3:I1->O            1   0.551   0.000  REG_FILE/mux_10 (REG_FILE/mux_10)
     MUXF5:I0->O           1   0.360   0.000  REG_FILE/mux_8_f5 (REG_FILE/mux_8_f5)
     MUXF6:I0->O           1   0.342   0.000  REG_FILE/mux_6_f6 (REG_FILE/mux_6_f6)
     MUXF7:I0->O           1   0.342   0.000  REG_FILE/mux_4_f7 (REG_FILE/mux_4_f7)
     MUXF8:I0->O           6   0.342   1.198  REG_FILE/mux_2_f8 (READ_REG1<0>)
     LUT2:I1->O            2   0.551   0.945  ALUsrcA_SELECTOR_MUX/out<0>1 (ALUSrcA<0>)
     LUT3:I2->O            1   0.551   0.000  ALUmain/ADDR_ALU/Madd_AUX_3_addsub0000_lut<0> (ALUmain/ADDR_ALU/Madd_AUX_3_addsub0000_lut<0>)
     MUXCY:S->O            1   0.500   0.000  ALUmain/ADDR_ALU/Madd_AUX_3_addsub0000_cy<0> (ALUmain/ADDR_ALU/Madd_AUX_3_addsub0000_cy<0>)
     MUXCY:CI->O           1   0.064   0.000  ALUmain/ADDR_ALU/Madd_AUX_3_addsub0000_cy<1> (ALUmain/ADDR_ALU/Madd_AUX_3_addsub0000_cy<1>)
     MUXCY:CI->O           1   0.064   0.000  ALUmain/ADDR_ALU/Madd_AUX_3_addsub0000_cy<2> (ALUmain/ADDR_ALU/Madd_AUX_3_addsub0000_cy<2>)
     MUXCY:CI->O           1   0.064   0.000  ALUmain/ADDR_ALU/Madd_AUX_3_addsub0000_cy<3> (ALUmain/ADDR_ALU/Madd_AUX_3_addsub0000_cy<3>)
     MUXCY:CI->O           1   0.064   0.000  ALUmain/ADDR_ALU/Madd_AUX_3_addsub0000_cy<4> (ALUmain/ADDR_ALU/Madd_AUX_3_addsub0000_cy<4>)
     MUXCY:CI->O           1   0.064   0.000  ALUmain/ADDR_ALU/Madd_AUX_3_addsub0000_cy<5> (ALUmain/ADDR_ALU/Madd_AUX_3_addsub0000_cy<5>)
     MUXCY:CI->O           1   0.064   0.000  ALUmain/ADDR_ALU/Madd_AUX_3_addsub0000_cy<6> (ALUmain/ADDR_ALU/Madd_AUX_3_addsub0000_cy<6>)
     MUXCY:CI->O           1   0.064   0.000  ALUmain/ADDR_ALU/Madd_AUX_3_addsub0000_cy<7> (ALUmain/ADDR_ALU/Madd_AUX_3_addsub0000_cy<7>)
     MUXCY:CI->O           1   0.064   0.000  ALUmain/ADDR_ALU/Madd_AUX_3_addsub0000_cy<8> (ALUmain/ADDR_ALU/Madd_AUX_3_addsub0000_cy<8>)
     MUXCY:CI->O           1   0.064   0.000  ALUmain/ADDR_ALU/Madd_AUX_3_addsub0000_cy<9> (ALUmain/ADDR_ALU/Madd_AUX_3_addsub0000_cy<9>)
     MUXCY:CI->O           1   0.064   0.000  ALUmain/ADDR_ALU/Madd_AUX_3_addsub0000_cy<10> (ALUmain/ADDR_ALU/Madd_AUX_3_addsub0000_cy<10>)
     MUXCY:CI->O           1   0.064   0.000  ALUmain/ADDR_ALU/Madd_AUX_3_addsub0000_cy<11> (ALUmain/ADDR_ALU/Madd_AUX_3_addsub0000_cy<11>)
     MUXCY:CI->O           1   0.064   0.000  ALUmain/ADDR_ALU/Madd_AUX_3_addsub0000_cy<12> (ALUmain/ADDR_ALU/Madd_AUX_3_addsub0000_cy<12>)
     MUXCY:CI->O           1   0.064   0.000  ALUmain/ADDR_ALU/Madd_AUX_3_addsub0000_cy<13> (ALUmain/ADDR_ALU/Madd_AUX_3_addsub0000_cy<13>)
     MUXCY:CI->O           1   0.064   0.000  ALUmain/ADDR_ALU/Madd_AUX_3_addsub0000_cy<14> (ALUmain/ADDR_ALU/Madd_AUX_3_addsub0000_cy<14>)
     MUXCY:CI->O           1   0.064   0.000  ALUmain/ADDR_ALU/Madd_AUX_3_addsub0000_cy<15> (ALUmain/ADDR_ALU/Madd_AUX_3_addsub0000_cy<15>)
     MUXCY:CI->O           1   0.064   0.000  ALUmain/ADDR_ALU/Madd_AUX_3_addsub0000_cy<16> (ALUmain/ADDR_ALU/Madd_AUX_3_addsub0000_cy<16>)
     MUXCY:CI->O           1   0.064   0.000  ALUmain/ADDR_ALU/Madd_AUX_3_addsub0000_cy<17> (ALUmain/ADDR_ALU/Madd_AUX_3_addsub0000_cy<17>)
     MUXCY:CI->O           1   0.064   0.000  ALUmain/ADDR_ALU/Madd_AUX_3_addsub0000_cy<18> (ALUmain/ADDR_ALU/Madd_AUX_3_addsub0000_cy<18>)
     MUXCY:CI->O           1   0.064   0.000  ALUmain/ADDR_ALU/Madd_AUX_3_addsub0000_cy<19> (ALUmain/ADDR_ALU/Madd_AUX_3_addsub0000_cy<19>)
     MUXCY:CI->O           1   0.064   0.000  ALUmain/ADDR_ALU/Madd_AUX_3_addsub0000_cy<20> (ALUmain/ADDR_ALU/Madd_AUX_3_addsub0000_cy<20>)
     MUXCY:CI->O           1   0.064   0.000  ALUmain/ADDR_ALU/Madd_AUX_3_addsub0000_cy<21> (ALUmain/ADDR_ALU/Madd_AUX_3_addsub0000_cy<21>)
     MUXCY:CI->O           1   0.064   0.000  ALUmain/ADDR_ALU/Madd_AUX_3_addsub0000_cy<22> (ALUmain/ADDR_ALU/Madd_AUX_3_addsub0000_cy<22>)
     MUXCY:CI->O           1   0.064   0.000  ALUmain/ADDR_ALU/Madd_AUX_3_addsub0000_cy<23> (ALUmain/ADDR_ALU/Madd_AUX_3_addsub0000_cy<23>)
     MUXCY:CI->O           1   0.064   0.000  ALUmain/ADDR_ALU/Madd_AUX_3_addsub0000_cy<24> (ALUmain/ADDR_ALU/Madd_AUX_3_addsub0000_cy<24>)
     MUXCY:CI->O           1   0.064   0.000  ALUmain/ADDR_ALU/Madd_AUX_3_addsub0000_cy<25> (ALUmain/ADDR_ALU/Madd_AUX_3_addsub0000_cy<25>)
     MUXCY:CI->O           1   0.064   0.000  ALUmain/ADDR_ALU/Madd_AUX_3_addsub0000_cy<26> (ALUmain/ADDR_ALU/Madd_AUX_3_addsub0000_cy<26>)
     MUXCY:CI->O           1   0.064   0.000  ALUmain/ADDR_ALU/Madd_AUX_3_addsub0000_cy<27> (ALUmain/ADDR_ALU/Madd_AUX_3_addsub0000_cy<27>)
     MUXCY:CI->O           1   0.064   0.000  ALUmain/ADDR_ALU/Madd_AUX_3_addsub0000_cy<28> (ALUmain/ADDR_ALU/Madd_AUX_3_addsub0000_cy<28>)
     MUXCY:CI->O           1   0.064   0.000  ALUmain/ADDR_ALU/Madd_AUX_3_addsub0000_cy<29> (ALUmain/ADDR_ALU/Madd_AUX_3_addsub0000_cy<29>)
     XORCY:CI->O           1   0.904   0.827  ALUmain/ADDR_ALU/Madd_AUX_3_addsub0000_xor<30> (ALUmain/ADDRoutALU<30>)
     LUT4:I3->O            1   0.551   0.000  ALUmain/PrimaryOutputMUX/Mmux_out_423 (ALUmain/PrimaryOutputMUX/Mmux_out_423)
     MUXF5:I0->O           3   0.360   0.933  ALUmain/PrimaryOutputMUX/Mmux_out_2_f5_22 (ALUmain/PrimaryOutput<30>)
     LUT4:I3->O            1   0.551   0.000  ALUmain/SHIFTER_ALU/SHIFTERout<13>51_G (N299)
     MUXF5:I1->O           3   0.360   1.102  ALUmain/SHIFTER_ALU/SHIFTERout<13>51 (ALUmain/SHIFTER_ALU/SHIFTERout<13>_bdd8)
     LUT3:I1->O            1   0.551   0.000  ALUmain/SHIFTER_ALU/SHIFTERout<13>41 (ALUmain/SHIFTER_ALU/SHIFTERout<13>4)
     MUXF5:I1->O           1   0.360   0.000  ALUmain/SHIFTER_ALU/SHIFTERout<13>4_f5 (ALUmain/SHIFTER_ALU/SHIFTERout<13>4_f5)
     MUXF6:I1->O           4   0.342   0.985  ALUmain/SHIFTER_ALU/SHIFTERout<13>4_f6 (ALUmain/SHIFTER_ALU/SHIFTERout<13>_bdd6)
     LUT3:I2->O            1   0.551   0.000  ALUmain/SHIFTER_ALU/SHIFTERout<17>41_G (N291)
     MUXF5:I1->O           2   0.360   0.945  ALUmain/SHIFTER_ALU/SHIFTERout<17>41 (ALUmain/SHIFTER_ALU/SHIFTERout<17>_bdd1)
     LUT4:I2->O            1   0.551   0.000  ALUmain/SHIFTER_ALU/SHIFTERout<1>1129_G (N531)
     MUXF5:I1->O           5   0.360   0.921  ALUmain/SHIFTER_ALU/SHIFTERout<1>1129 (ALU_RES<1>)
     begin scope: 'DATA_MEM'
     begin scope: 'U0/xst_blk_mem_generator/gnativebmg.native_blk_mem_gen/valid.cstr/ramloop[0].ram.r/s3_init.ram/dpram.dp18x18.ram'
     RAMB16:ADDRA5             0.350          U0/xst_blk_mem_generator/gnativebmg.native_blk_mem_gen/valid.cstr/ramloop[0].ram.r/s3_init.ram/dpram.dp18x18.ram
    ----------------------------------------
    Total                     21.224ns (12.266ns logic, 8.958ns route)
                                       (57.8% logic, 42.2% route)

=========================================================================
Timing constraint: Default OFFSET IN BEFORE for Clock 'clk'
  Total number of paths / destination ports: 21380350 / 2197
-------------------------------------------------------------------------
Offset:              29.985ns (Levels of Logic = 52)
  Source:            CompEnbl (PAD)
  Destination:       I_CACHE/U0/xst_blk_mem_generator/gnativebmg.native_blk_mem_gen/valid.cstr/ramloop[7].ram.r/s3_init.ram/dpram.dp4x4.ram/U0/xst_blk_mem_generator/gnativebmg.native_blk_mem_gen/valid.cstr/ramloop[7].ram.r/s3_init.ram/dpram.dp4x4.ram (RAM)
  Destination Clock: clk rising

  Data Path: CompEnbl to I_CACHE/U0/xst_blk_mem_generator/gnativebmg.native_blk_mem_gen/valid.cstr/ramloop[7].ram.r/s3_init.ram/dpram.dp4x4.ram/U0/xst_blk_mem_generator/gnativebmg.native_blk_mem_gen/valid.cstr/ramloop[7].ram.r/s3_init.ram/dpram.dp4x4.ram
                                Gate     Net
    Cell:in->out      fanout   Delay   Delay  Logical Name (Net Name)
    ----------------------------------------  ------------
     IBUF:I->O           170   0.821   2.983  CompEnbl_IBUF (CompEnbl_IBUF)
     LUT2:I0->O            2   0.551   0.945  ALUsrcA_SELECTOR_MUX/out<0>1 (ALUSrcA<0>)
     LUT3:I2->O            1   0.551   0.000  ALUmain/ADDR_ALU/Madd_AUX_3_addsub0000_lut<0> (ALUmain/ADDR_ALU/Madd_AUX_3_addsub0000_lut<0>)
     MUXCY:S->O            1   0.500   0.000  ALUmain/ADDR_ALU/Madd_AUX_3_addsub0000_cy<0> (ALUmain/ADDR_ALU/Madd_AUX_3_addsub0000_cy<0>)
     MUXCY:CI->O           1   0.064   0.000  ALUmain/ADDR_ALU/Madd_AUX_3_addsub0000_cy<1> (ALUmain/ADDR_ALU/Madd_AUX_3_addsub0000_cy<1>)
     MUXCY:CI->O           1   0.064   0.000  ALUmain/ADDR_ALU/Madd_AUX_3_addsub0000_cy<2> (ALUmain/ADDR_ALU/Madd_AUX_3_addsub0000_cy<2>)
     MUXCY:CI->O           1   0.064   0.000  ALUmain/ADDR_ALU/Madd_AUX_3_addsub0000_cy<3> (ALUmain/ADDR_ALU/Madd_AUX_3_addsub0000_cy<3>)
     MUXCY:CI->O           1   0.064   0.000  ALUmain/ADDR_ALU/Madd_AUX_3_addsub0000_cy<4> (ALUmain/ADDR_ALU/Madd_AUX_3_addsub0000_cy<4>)
     MUXCY:CI->O           1   0.064   0.000  ALUmain/ADDR_ALU/Madd_AUX_3_addsub0000_cy<5> (ALUmain/ADDR_ALU/Madd_AUX_3_addsub0000_cy<5>)
     MUXCY:CI->O           1   0.064   0.000  ALUmain/ADDR_ALU/Madd_AUX_3_addsub0000_cy<6> (ALUmain/ADDR_ALU/Madd_AUX_3_addsub0000_cy<6>)
     MUXCY:CI->O           1   0.064   0.000  ALUmain/ADDR_ALU/Madd_AUX_3_addsub0000_cy<7> (ALUmain/ADDR_ALU/Madd_AUX_3_addsub0000_cy<7>)
     MUXCY:CI->O           1   0.064   0.000  ALUmain/ADDR_ALU/Madd_AUX_3_addsub0000_cy<8> (ALUmain/ADDR_ALU/Madd_AUX_3_addsub0000_cy<8>)
     MUXCY:CI->O           1   0.064   0.000  ALUmain/ADDR_ALU/Madd_AUX_3_addsub0000_cy<9> (ALUmain/ADDR_ALU/Madd_AUX_3_addsub0000_cy<9>)
     MUXCY:CI->O           1   0.064   0.000  ALUmain/ADDR_ALU/Madd_AUX_3_addsub0000_cy<10> (ALUmain/ADDR_ALU/Madd_AUX_3_addsub0000_cy<10>)
     MUXCY:CI->O           1   0.064   0.000  ALUmain/ADDR_ALU/Madd_AUX_3_addsub0000_cy<11> (ALUmain/ADDR_ALU/Madd_AUX_3_addsub0000_cy<11>)
     MUXCY:CI->O           1   0.064   0.000  ALUmain/ADDR_ALU/Madd_AUX_3_addsub0000_cy<12> (ALUmain/ADDR_ALU/Madd_AUX_3_addsub0000_cy<12>)
     MUXCY:CI->O           1   0.064   0.000  ALUmain/ADDR_ALU/Madd_AUX_3_addsub0000_cy<13> (ALUmain/ADDR_ALU/Madd_AUX_3_addsub0000_cy<13>)
     MUXCY:CI->O           1   0.064   0.000  ALUmain/ADDR_ALU/Madd_AUX_3_addsub0000_cy<14> (ALUmain/ADDR_ALU/Madd_AUX_3_addsub0000_cy<14>)
     MUXCY:CI->O           1   0.064   0.000  ALUmain/ADDR_ALU/Madd_AUX_3_addsub0000_cy<15> (ALUmain/ADDR_ALU/Madd_AUX_3_addsub0000_cy<15>)
     MUXCY:CI->O           1   0.064   0.000  ALUmain/ADDR_ALU/Madd_AUX_3_addsub0000_cy<16> (ALUmain/ADDR_ALU/Madd_AUX_3_addsub0000_cy<16>)
     MUXCY:CI->O           1   0.064   0.000  ALUmain/ADDR_ALU/Madd_AUX_3_addsub0000_cy<17> (ALUmain/ADDR_ALU/Madd_AUX_3_addsub0000_cy<17>)
     MUXCY:CI->O           1   0.064   0.000  ALUmain/ADDR_ALU/Madd_AUX_3_addsub0000_cy<18> (ALUmain/ADDR_ALU/Madd_AUX_3_addsub0000_cy<18>)
     MUXCY:CI->O           1   0.064   0.000  ALUmain/ADDR_ALU/Madd_AUX_3_addsub0000_cy<19> (ALUmain/ADDR_ALU/Madd_AUX_3_addsub0000_cy<19>)
     MUXCY:CI->O           1   0.064   0.000  ALUmain/ADDR_ALU/Madd_AUX_3_addsub0000_cy<20> (ALUmain/ADDR_ALU/Madd_AUX_3_addsub0000_cy<20>)
     MUXCY:CI->O           1   0.064   0.000  ALUmain/ADDR_ALU/Madd_AUX_3_addsub0000_cy<21> (ALUmain/ADDR_ALU/Madd_AUX_3_addsub0000_cy<21>)
     MUXCY:CI->O           1   0.064   0.000  ALUmain/ADDR_ALU/Madd_AUX_3_addsub0000_cy<22> (ALUmain/ADDR_ALU/Madd_AUX_3_addsub0000_cy<22>)
     MUXCY:CI->O           1   0.064   0.000  ALUmain/ADDR_ALU/Madd_AUX_3_addsub0000_cy<23> (ALUmain/ADDR_ALU/Madd_AUX_3_addsub0000_cy<23>)
     MUXCY:CI->O           1   0.064   0.000  ALUmain/ADDR_ALU/Madd_AUX_3_addsub0000_cy<24> (ALUmain/ADDR_ALU/Madd_AUX_3_addsub0000_cy<24>)
     MUXCY:CI->O           1   0.064   0.000  ALUmain/ADDR_ALU/Madd_AUX_3_addsub0000_cy<25> (ALUmain/ADDR_ALU/Madd_AUX_3_addsub0000_cy<25>)
     XORCY:CI->O           1   0.904   0.827  ALUmain/ADDR_ALU/Madd_AUX_3_addsub0000_xor<26> (ALUmain/ADDRoutALU<26>)
     LUT4:I3->O            1   0.551   0.869  ALUmain/PrimaryOutputMUX/Mmux_out_418 (ALUmain/PrimaryOutputMUX/Mmux_out_418)
     LUT3:I2->O            1   0.551   0.000  ALUmain/ShifterInputMUX/out<26>1_F (N410)
     MUXF5:I0->O           8   0.360   1.278  ALUmain/ShifterInputMUX/out<26>1 (ALUmain/ShifterInput<26>)
     LUT3:I1->O            1   0.551   0.869  ALUmain/SHIFTER_ALU/SHIFTERout<26>41 (ALUmain/SHIFTER_ALU/SHIFTERout<26>_bdd4)
     LUT3:I2->O            1   0.551   0.000  ALUmain/SHIFTER_ALU/SHIFTERout<27>32 (ALUmain/SHIFTER_ALU/SHIFTERout<27>31)
     MUXF5:I0->O           2   0.360   0.903  ALUmain/SHIFTER_ALU/SHIFTERout<27>3_f5 (ALUmain/SHIFTER_ALU/SHIFTERout<27>_bdd2)
     LUT4:I3->O            1   0.551   0.869  ALUmain/SHIFTER_ALU/SHIFTERout<31>2125 (ALUmain/SHIFTER_ALU/SHIFTERout<31>2125)
     LUT4:I2->O            1   0.551   0.827  ALUmain/SHIFTER_ALU/SHIFTERout<31>2172 (ALUmain/SHIFTER_ALU/SHIFTERout<31>2172)
     LUT4:I3->O            4   0.551   1.256  ALUmain/SHIFTER_ALU/SHIFTERout<31>2217 (ALU_RES<31>)
     LUT4:I0->O            1   0.551   0.000  ALUmain/ALUzero_cmp_eq0000_wg_lut<1> (ALUmain/ALUzero_cmp_eq0000_wg_lut<1>)
     MUXCY:S->O            1   0.500   0.000  ALUmain/ALUzero_cmp_eq0000_wg_cy<1> (ALUmain/ALUzero_cmp_eq0000_wg_cy<1>)
     MUXCY:CI->O           1   0.064   0.000  ALUmain/ALUzero_cmp_eq0000_wg_cy<2> (ALUmain/ALUzero_cmp_eq0000_wg_cy<2>)
     MUXCY:CI->O           1   0.064   0.000  ALUmain/ALUzero_cmp_eq0000_wg_cy<3> (ALUmain/ALUzero_cmp_eq0000_wg_cy<3>)
     MUXCY:CI->O           1   0.064   0.000  ALUmain/ALUzero_cmp_eq0000_wg_cy<4> (ALUmain/ALUzero_cmp_eq0000_wg_cy<4>)
     MUXCY:CI->O           1   0.064   0.000  ALUmain/ALUzero_cmp_eq0000_wg_cy<5> (ALUmain/ALUzero_cmp_eq0000_wg_cy<5>)
     MUXCY:CI->O           1   0.064   0.000  ALUmain/ALUzero_cmp_eq0000_wg_cy<6> (ALUmain/ALUzero_cmp_eq0000_wg_cy<6>)
     MUXCY:CI->O           1   0.303   0.869  ALUmain/ALUzero_cmp_eq0000_wg_cy<7> (ALU_RES_ZERO)
     LUT4:I2->O           32   0.551   1.921  BRANCH_DECIDE/ShortBr_out21 (N15)
     LUT4:I2->O            1   0.551   0.000  BRANCH_REG_SELECTOR_MUX/out<9>291 (BRANCH_REG_SELECTOR_MUX/out<9>291)
     MUXF5:I0->O           2   0.360   0.945  BRANCH_REG_SELECTOR_MUX/out<9>29_f5 (BRANCH_REG_SELECTOR_MUX/out<9>29)
     LUT4:I2->O            8   0.551   1.083  I_CACHE_ADDR_SELECTOR_MUX/out<9>1 (I_CACHE_ADDR_IN<9>)
     begin scope: 'I_CACHE'
     begin scope: 'U0/xst_blk_mem_generator/gnativebmg.native_blk_mem_gen/valid.cstr/ramloop[7].ram.r/s3_init.ram/dpram.dp4x4.ram'
     RAMB16:ADDRA11            0.350          U0/xst_blk_mem_generator/gnativebmg.native_blk_mem_gen/valid.cstr/ramloop[7].ram.r/s3_init.ram/dpram.dp4x4.ram
    ----------------------------------------
    Total                     29.985ns (13.541ns logic, 16.444ns route)
                                       (45.2% logic, 54.8% route)

=========================================================================
Timing constraint: Default OFFSET OUT AFTER for Clock 'clk'
  Total number of paths / destination ports: 256 / 256
-------------------------------------------------------------------------
Offset:              7.271ns (Levels of Logic = 1)
  Source:            REG_FILE/Registers_31_31 (FF)
  Destination:       r31<31> (PAD)
  Source Clock:      clk rising

  Data Path: REG_FILE/Registers_31_31 to r31<31>
                                Gate     Net
    Cell:in->out      fanout   Delay   Delay  Logical Name (Net Name)
    ----------------------------------------  ------------
     FDCE:C->Q             3   0.720   0.907  REG_FILE/Registers_31_31 (REG_FILE/Registers_31_31)
     OBUF:I->O                 5.644          r31_31_OBUF (r31<31>)
    ----------------------------------------
    Total                      7.271ns (6.364ns logic, 0.907ns route)
                                       (87.5% logic, 12.5% route)

=========================================================================


Total REAL time to Xst completion: 14.00 secs
Total CPU time to Xst completion: 13.93 secs
 
--> 


Total memory usage is 550448 kilobytes

Number of errors   :    0 (   0 filtered)
Number of warnings :    9 (   0 filtered)
Number of infos    :   12 (   0 filtered)

