Command line:
   top_check_primary_tb_isim_beh.exe
     -simmode  gui
     -simrunnum  0
     -socket  34357

Sun Nov  6 02:18:57 2022


 Elaboration Time: 0.03 sec

 Current Memory Usage: 188.412 Meg

 Total Signals          : 519
 Total Nets             : 2615
 Total Signal Drivers   : 198
 Total Blocks           : 67
 Total Primitive Blocks : 56
 Total Processes        : 224
 Total Traceable Variables  : 696
 Total Scalar Nets and Variables : 483351
Total Line Count : 1103

 Total Simulation Time: 0.1 sec

 Current Memory Usage: 263.913 Meg

Sun Nov  6 02:39:23 2022

