Command line:
   control_tb_2_isim_beh.exe
     -simmode  gui
     -simrunnum  0
     -socket  42243

Tue Nov  8 10:25:30 2022


 Elaboration Time: 0.02 sec

 Current Memory Usage: 183.984 Meg

 Total Signals          : 33
 Total Nets             : 49
 Total Signal Drivers   : 25
 Total Blocks           : 3
 Total Primitive Blocks : 2
 Total Processes        : 28
 Total Traceable Variables  : 37
 Total Scalar Nets and Variables : 164
Total Line Count : 42

 Total Simulation Time: 0.07 sec

 Current Memory Usage: 259.486 Meg

Tue Nov  8 10:30:15 2022

