Command line:
   jump_dec_tb_isim_beh.exe
     -simmode  gui
     -simrunnum  0
     -socket  53695

Sat Nov  5 18:40:10 2022


 Elaboration Time: 0.02 sec

 Current Memory Usage: 183.98 Meg

 Total Signals          : 27
 Total Nets             : 21
 Total Signal Drivers   : 12
 Total Blocks           : 4
 Total Primitive Blocks : 2
 Total Processes        : 15
 Total Traceable Variables  : 22
 Total Scalar Nets and Variables : 137
Total Line Count : 78

 Total Simulation Time: 0.02 sec

 Current Memory Usage: 259.482 Meg

Sat Nov  5 18:40:56 2022

