Command line:
   twc_2_isim_beh.exe
     -simmode  gui
     -simrunnum  0
     -socket  60023

Tue Nov  8 22:58:05 2022


 Elaboration Time: 0.02 sec

 Current Memory Usage: 188.359 Meg

 Total Signals          : 531
 Total Nets             : 2633
 Total Signal Drivers   : 202
 Total Blocks           : 69
 Total Primitive Blocks : 58
 Total Processes        : 229
 Total Traceable Variables  : 697
 Total Scalar Nets and Variables : 225299
Total Line Count : 945

 Total Simulation Time: 0.2 sec

 Current Memory Usage: 263.86 Meg

Tue Nov  8 23:18:49 2022

