Command line:
   bram_check_tb_isim_beh.exe
     -simmode  gui
     -simrunnum  0
     -socket  51909

Sat Nov  5 20:08:56 2022


 Elaboration Time: 0.01 sec

 Current Memory Usage: 185.025 Meg

 Total Signals          : 174
 Total Nets             : 833
 Total Signal Drivers   : 71
 Total Blocks           : 22
 Total Primitive Blocks : 17
 Total Processes        : 84
 Total Traceable Variables  : 341
 Total Scalar Nets and Variables : 166702
Total Line Count : 432

 Total Simulation Time: 0.02 sec

 Current Memory Usage: 260.526 Meg

Sat Nov  5 20:09:02 2022

