Command line:
   bram_check_2_tb_isim_beh.exe
     -simmode  gui
     -simrunnum  0
     -socket  60637

Sat Nov  5 20:13:51 2022


 Elaboration Time: 0.01 sec

 Current Memory Usage: 184.984 Meg

 Total Signals          : 174
 Total Nets             : 833
 Total Signal Drivers   : 71
 Total Blocks           : 22
 Total Primitive Blocks : 17
 Total Processes        : 85
 Total Traceable Variables  : 341
 Total Scalar Nets and Variables : 166702
Total Line Count : 433

 Total Simulation Time: 0.02 sec

 Current Memory Usage: 260.485 Meg

Sat Nov  5 20:16:42 2022

